<?xml version="1.0" encoding="UTF-8"?>
<!-- Generated by org.testng.reporters.JUnitReportReporter -->
<testsuite skipped="0" hostname="Nilmie" name="Swagger_USER.Put_User_ByUserName" tests="1" failures="0" timestamp="2021-01-11T13:36:24 IST" time="3.015" errors="0">
  <testcase name="PutUserByUserName" time="3.015" classname="Swagger_USER.Put_User_ByUserName"/>
  <system-out/>
</testsuite> <!-- Swagger_USER.Put_User_ByUserName -->
