<?xml version="1.0" encoding="UTF-8"?>
<!-- Generated by org.testng.reporters.JUnitReportReporter -->
<testsuite skipped="0" hostname="Nilmie" name="Swagger_PET.Post_PetByID" tests="1" failures="0" timestamp="2021-01-11T20:52:56 IST" time="3.167" errors="0">
  <testcase name="PostPetByID" time="3.167" classname="Swagger_PET.Post_PetByID"/>
  <system-out/>
</testsuite> <!-- Swagger_PET.Post_PetByID -->
