<?xml version="1.0" encoding="UTF-8"?>
<!-- Generated by org.testng.reporters.JUnitReportReporter -->
<testsuite skipped="0" hostname="Nilmie" name="Swagger_STORE.Get_Inventory" tests="1" failures="0" timestamp="2021-01-09T18:43:11 IST" time="4.572" errors="0">
  <testcase name="GetPetInventory" time="4.572" classname="Swagger_STORE.Get_Inventory"/>
  <system-out/>
</testsuite> <!-- Swagger_STORE.Get_Inventory -->
