<?xml version="1.0" encoding="UTF-8"?>
<!-- Generated by org.testng.reporters.JUnitReportReporter -->
<testsuite skipped="0" hostname="Nilmie" name="Swagger_STORE.Post_Order" tests="1" failures="0" timestamp="2021-01-09T18:39:26 IST" time="4.774" errors="0">
  <testcase name="PostOrder" time="4.774" classname="Swagger_STORE.Post_Order"/>
  <system-out/>
</testsuite> <!-- Swagger_STORE.Post_Order -->
