<?xml version="1.0" encoding="UTF-8"?>
<!-- Generated by org.testng.reporters.JUnitReportReporter -->
<testsuite skipped="0" hostname="Nilmie" name="Swagger_PET.Post_NewPet" tests="1" failures="0" timestamp="2021-01-11T20:48:16 IST" time="2.993" errors="0">
  <testcase name="PostPet" time="2.993" classname="Swagger_PET.Post_NewPet"/>
  <system-out/>
</testsuite> <!-- Swagger_PET.Post_NewPet -->
