<?xml version="1.0" encoding="UTF-8"?>
<!-- Generated by org.testng.reporters.JUnitReportReporter -->
<testsuite skipped="0" hostname="Nilmie" name="Swagger_USER.Post_User_CreateWithList" tests="1" failures="0" timestamp="2021-01-11T13:06:03 IST" time="2.915" errors="0">
  <testcase name="PostUserCreateWithList" time="2.915" classname="Swagger_USER.Post_User_CreateWithList"/>
  <system-out/>
</testsuite> <!-- Swagger_USER.Post_User_CreateWithList -->
