<?xml version="1.0" encoding="UTF-8"?>
<!-- Generated by org.testng.reporters.JUnitReportReporter -->
<testsuite skipped="0" hostname="Nilmie" name="Swagger_PET.FindByStatus_Pet" tests="1" failures="0" timestamp="2021-01-08T10:01:23 IST" time="4.086" errors="0">
  <testcase name="Get_Pet_bystatus" time="4.086" classname="Swagger_PET.FindByStatus_Pet"/>
  <system-out/>
</testsuite> <!-- Swagger_PET.FindByStatus_Pet -->
