<?xml version="1.0" encoding="UTF-8"?>
<!-- Generated by org.testng.reporters.JUnitReportReporter -->
<testsuite skipped="0" hostname="Nilmie" name="Swagger_USER.Post_User" tests="1" failures="0" timestamp="2021-01-11T11:42:51 IST" time="4.224" errors="0">
  <testcase name="PostUser" time="4.224" classname="Swagger_USER.Post_User"/>
  <system-out/>
</testsuite> <!-- Swagger_USER.Post_User -->
