<?xml version="1.0" encoding="UTF-8"?>
<!-- Generated by org.testng.reporters.JUnitReportReporter -->
<testsuite skipped="0" hostname="Nilmie" name="Swagger_STORE.Delete_Order" tests="1" failures="0" timestamp="2021-01-09T18:39:36 IST" time="4.240" errors="0">
  <testcase name="Delete_OrderByID" time="4.240" classname="Swagger_STORE.Delete_Order"/>
  <system-out/>
</testsuite> <!-- Swagger_STORE.Delete_Order -->
