<?xml version="1.0" encoding="UTF-8"?>
<!-- Generated by org.testng.reporters.JUnitReportReporter -->
<testsuite skipped="0" hostname="Nilmie" name="Swagger_PET.UploadImage_Pet" tests="1" failures="0" timestamp="2021-01-11T20:42:09 IST" time="3.978" errors="0">
  <testcase name="UploadImage_Pet_ForPet1" time="3.978" classname="Swagger_PET.UploadImage_Pet"/>
  <system-out/>
</testsuite> <!-- Swagger_PET.UploadImage_Pet -->
