<?xml version="1.0" encoding="UTF-8"?>
<!-- Generated by org.testng.reporters.JUnitReportReporter -->
<testsuite skipped="0" hostname="Nilmie" name="Swagger_STORE.Get_Order" tests="1" failures="0" timestamp="2021-01-09T18:36:35 IST" time="4.523" errors="0">
  <testcase name="GetOrderByID" time="4.523" classname="Swagger_STORE.Get_Order"/>
  <system-out/>
</testsuite> <!-- Swagger_STORE.Get_Order -->
