<?xml version="1.0" encoding="UTF-8"?>
<!-- Generated by org.testng.reporters.JUnitReportReporter -->
<testsuite skipped="0" hostname="Nilmie" name="Swagger_USER.Get_User_Login" tests="1" failures="0" timestamp="2021-01-09T19:06:27 IST" time="4.188" errors="0">
  <testcase name="GetUserByUserName" time="4.188" classname="Swagger_USER.Get_User_Login"/>
  <system-out/>
</testsuite> <!-- Swagger_USER.Get_User_Login -->
