<?xml version="1.0" encoding="UTF-8"?>
<!-- Generated by org.testng.reporters.JUnitReportReporter -->
<testsuite skipped="0" hostname="Nilmie" name="Swagger_PET.Get_PetByID" tests="1" failures="0" timestamp="2021-01-08T09:40:03 IST" time="3.981" errors="0">
  <testcase name="Get_Pet_1" time="3.981" classname="Swagger_PET.Get_PetByID"/>
  <system-out/>
</testsuite> <!-- Swagger_PET.Get_PetByID -->
