<?xml version="1.0" encoding="UTF-8"?>
<!-- Generated by org.testng.reporters.JUnitReportReporter -->
<testsuite skipped="0" hostname="Nilmie" name="Swagger_USER.Get_User_LogOut" tests="1" failures="0" timestamp="2021-01-09T19:08:16 IST" time="4.618" errors="0">
  <testcase name="GetUserLogout" time="4.618" classname="Swagger_USER.Get_User_LogOut"/>
  <system-out/>
</testsuite> <!-- Swagger_USER.Get_User_LogOut -->
