<?xml version="1.0" encoding="UTF-8"?>
<!-- Generated by org.testng.reporters.JUnitReportReporter -->
<testsuite skipped="0" hostname="Nilmie" name="Swagger_USER.Delete_User_ByUserName" tests="1" failures="0" timestamp="2021-01-09T19:18:16 IST" time="4.185" errors="0">
  <testcase name="DeleteUserByUserName" time="4.185" classname="Swagger_USER.Delete_User_ByUserName"/>
  <system-out/>
</testsuite> <!-- Swagger_USER.Delete_User_ByUserName -->
