<?xml version="1.0" encoding="UTF-8"?>
<!-- Generated by org.testng.reporters.JUnitReportReporter -->
<testsuite skipped="0" hostname="Nilmie" name="Swagger_PET.Delete_Pet" tests="1" failures="0" timestamp="2021-01-11T20:49:00 IST" time="3.084" errors="0">
  <testcase name="DeletePet" time="3.084" classname="Swagger_PET.Delete_Pet"/>
  <system-out/>
</testsuite> <!-- Swagger_PET.Delete_Pet -->
