<?xml version="1.0" encoding="UTF-8"?>
<!-- Generated by org.testng.reporters.JUnitReportReporter -->
<testsuite skipped="0" hostname="Nilmie" name="Swagger_PET.Put_Pet" tests="1" failures="0" timestamp="2021-01-11T20:53:25 IST" time="4.076" errors="0">
  <testcase name="PutPet" time="4.076" classname="Swagger_PET.Put_Pet"/>
  <system-out/>
</testsuite> <!-- Swagger_PET.Put_Pet -->
